2026-02-23T18:19:10.162Z [console][log] [vite] connecting...
2026-02-23T18:19:10.551Z [console][log] [vite] connected.
2026-02-23T18:19:19.172Z [console][warn] %cDownload the React DevTools for a better development experience: https://reactjs.org/link/react-devtools font-weight:bold
2026-02-23T18:19:19.759Z [console][error] Please ensure that the container has a non-static position, like 'relative', 'fixed', or 'absolute' to ensure scroll offset is calculated correctly.
2026-02-23T18:19:19.933Z [console][error] ⚠️ React Router Future Flag Warning: React Router will begin wrapping state updates in `React.startTransition` in v7. You can use the `v7_startTransition` future flag to opt-in early. For more information, see https://reactrouter.com/v6/upgrading/future#v7_starttransition.
2026-02-23T18:19:19.933Z [console][error] ⚠️ React Router Future Flag Warning: Relative route resolution within Splat routes is changing in v7. You can use the `v7_relativeSplatPath` future flag to opt-in early. For more information, see https://reactrouter.com/v6/upgrading/future#v7_relativesplatpath.
2026-02-24T07:47:05.641Z [console][log] [vite] connecting...
2026-02-24T07:47:05.667Z [console][log] [vite] connected.
2026-02-24T07:47:07.295Z [console][warn] %cDownload the React DevTools for a better development experience: https://reactjs.org/link/react-devtools font-weight:bold
2026-02-24T07:47:08.619Z [console][error] ⚠️ React Router Future Flag Warning: React Router will begin wrapping state updates in `React.startTransition` in v7. You can use the `v7_startTransition` future flag to opt-in early. For more information, see https://reactrouter.com/v6/upgrading/future#v7_starttransition.
2026-02-24T07:47:08.619Z [console][error] ⚠️ React Router Future Flag Warning: Relative route resolution within Splat routes is changing in v7. You can use the `v7_relativeSplatPath` future flag to opt-in early. For more information, see https://reactrouter.com/v6/upgrading/future#v7_relativesplatpath.
2026-02-24T07:47:08.907Z [console][error] Please ensure that the container has a non-static position, like 'relative', 'fixed', or 'absolute' to ensure scroll offset is calculated correctly.
2026-02-24T07:47:08.907Z [console][warn] Please ensure that the container has a non-static position, like 'relative', 'fixed', or 'absolute' to ensure scroll offset is calculated correctly.
2026-02-24T07:47:05.641Z [console][log] [vite] connecting...
2026-02-24T07:47:05.667Z [console][log] [vite] connected.
2026-02-24T07:47:07.295Z [console][warn] %cDownload the React DevTools for a better development experience: https://reactjs.org/link/react-devtools font-weight:bold
2026-02-24T07:47:08.619Z [console][error] ⚠️ React Router Future Flag Warning: React Router will begin wrapping state updates in `React.startTransition` in v7. You can use the `v7_startTransition` future flag to opt-in early. For more information, see https://reactrouter.com/v6/upgrading/future#v7_starttransition.
2026-02-24T07:47:08.619Z [console][error] ⚠️ React Router Future Flag Warning: Relative route resolution within Splat routes is changing in v7. You can use the `v7_relativeSplatPath` future flag to opt-in early. For more information, see https://reactrouter.com/v6/upgrading/future#v7_relativesplatpath.
2026-02-24T07:47:08.907Z [console][error] Please ensure that the container has a non-static position, like 'relative', 'fixed', or 'absolute' to ensure scroll offset is calculated correctly.
2026-02-24T07:47:36.015Z [console][log] __ORCHIDS_NAVIGATE__ http://localhost:3000/login
2026-02-24T07:47:08.907Z [console][warn] Please ensure that the container has a non-static position, like 'relative', 'fixed', or 'absolute' to ensure scroll offset is calculated correctly.
2026-02-24T07:47:36.014Z [console][debug] __ORCHIDS_NAVIGATE__ http://localhost:3000/login
2026-02-24T07:48:19.160Z [network][GET 200] http://localhost:8000/inventory/forecast
  response: [{"week":"W1","predicted_stock":658},{"week":"W2","predicted_stock":601},{"week":"W3","predicted_stock":543},{"week":"W4","predicted_stock":486}]
2026-02-24T07:48:19.160Z [network][GET 200] http://localhost:8000/inventory/summary
  response: {"items":[{"name":"Laptop Pro 15","stock":25,"reorder_at":60,"category":"Electronics","price":85000},{"name":"Wireless Mouse","stock":150,"reorder_at":60,"category":"Electronics","price":1200},{"name":"Office Chair","stock":12,"reorder_at":60,"category":"Furniture","price":7500},{"name":"Notebook Pack","stock":300,"reorder_at":60,"category":"Stationery","price":250},{"name":"LED Monitor 24","stock":18,"reorder_at":60,"category":"Electronics","price":15000},{"name":"Water Bottle","stock":80,"reorder_at":60,"category":"Accessories","price":500},{"name":"Desk Lamp","stock":20,"reorder_at":60,"category":"Furniture","price":1800},{"name":"Keyboard Mechanical","stock":40,"reorder_at":60,"category":"Electronics","price":3500},{"name":"Printer Ink Cartridge","stock":10,"reorder_at":60,"category":"Electronics","price":2200},{"name":"Whiteboard Marker Set","stock":60,"reorder_at":60,"category":"Stationery","price":450}],"low_stock_count":6,"suggestions":["Reorder Laptop Pro 15 soon (current stock: 25, threshold: 60)","Reorder Office Chair soon (current stock: 12, threshold: 60)","Reorder LED Monitor 24 soon (current stock: 18, threshold: 60)","Reorder Desk Lamp soon (current stock: 20, threshold: 60)","Reorder Keyboard Mechanical soon (current stock: 40, threshold: 60)"]}
2026-02-24T07:48:19.160Z [network][GET 200] http://localhost:8000/inventory/recommendations
  response: [{"severity":"high","title":"High Reorder Frequency Detected","message":"5 items (50%) are below reorder threshold. Turnover may be slowing — consider reducing reorder quantities and reassessing safety stock levels."},{"severity":"low","title":"Overstock Identified","message":"1 items overstocked (>200 units): Notebook Pack. Reduce reorder rate to free up working capital and warehouse space."}]
2026-02-24T07:48:21.578Z [network][GET 200] http://localhost:8000/green-grid/status
  response: {"has_data":true,"row_count":48}
2026-02-24T07:48:21.621Z [network][GET 200] http://localhost:8000/green-grid/status
  response: {"has_data":true,"row_count":48}
2026-02-24T07:48:21.632Z [network][GET 200] http://localhost:8000/green-grid/recommendations
  response: [{"severity":"low","title":"Energy Profile Optimized","message":"Average consumption of 62.1 kWh/hr is within sustainable range. Continue monitoring and target a 5% quarterly reduction."}]
2026-02-24T07:48:21.641Z [network][GET 200] http://localhost:8000/green-grid/data
  response: {"current_usage_kwh":62.05,"suggested_peak_shift":13.5,"potential_savings_percent":27,"recommendations":["Shift heavy loads to off-peak hours","Consider energy-efficient equipment upgrades","Monitor usage during identified peak windows"]}
2026-02-24T07:48:21.650Z [network][GET 200] http://localhost:8000/green-grid/chart
  response: [{"hour":"08:00","usage":45.2},{"hour":"09:00","usage":52.1},{"hour":"10:00","usage":68.4},{"hour":"11:00","usage":72.5},{"hour":"12:00","usage":85},{"hour":"13:00","usage":78.3},{"hour":"14:00","usage":65.7},{"hour":"15:00","usage":70.1},{"hour":"16:00","usage":62.8},{"hour":"17:00","usage":55.4},{"hour":"18:00","usage":48.9},{"hour":"19:00","usage":40.2},{"hour":"08:00","usage":45.2},{"hour":"09:00","usage":52.1},{"hour":"10:00","usage":68.4},{"hour":"11:00","usage":72.5},{"hour":"12:00","usage":85},{"hour":"13:00","usage":78.3},{"hour":"14:00","usage":65.7},{"hour":"15:00","usage":70.1},{"hour":"16:00","usage":62.8},{"hour":"17:00","usage":55.4},{"hour":"18:00","usage":48.9},{"hour":"19:00","usage":40.2},{"hour":"08:00","usage":45.2},{"hour":"09:00","usage":52.1},{"hour":"10:00","usage":68.4},{"hour":"11:00","usage":72.5},{"hour":"12:00","usage":85},{"hour":"13:00","usage":78.3},{"hour":"14:00","usage":65.7},{"hour":"15:00","usage":70.1},{"hour":"16:00","usage":62.8},{"hour":"17:00","usage":55.4},{"hour":"18:00","usage":48.9},{"hour":"19:00","usage":40.2},{"hour":"08:00","usage":45.2},{"hour":"09:00","usage":52.1},{"hour":"10:00","usage":68.4},{"hour":"11:00","usage":72.5},{"hour":"12:00","usage":85},{"hour":"13:00","usage":78.3},{"hour":"14:00","usage":65.7},{"hour":"15:00","usage":70.1},{"hour":"16:00","usage":62.8},{"hour":"17:00","usage":55.4},{"hour":"18:00","usage":48.9},{"hour":"19:00","usage":40.2}]
2026-02-24T07:48:21.650Z [network][GET 200] http://localhost:8000/green-grid/recommendations
  response: [{"severity":"low","title":"Energy Profile Optimized","message":"Average consumption of 62.1 kWh/hr is within sustainable range. Continue monitoring and target a 5% quarterly reduction."}]
2026-02-24T07:48:33.803Z [network][GET 200] http://localhost:8000/inventory/status
  response: {"has_data":true,"row_count":10}
2026-02-24T07:48:33.803Z [network][GET 200] http://localhost:8000/inventory/status
  response: {"has_data":true,"row_count":10}
2026-02-24T07:48:33.845Z [network][GET 200] http://localhost:8000/inventory/recommendations
  response: [{"severity":"high","title":"High Reorder Frequency Detected","message":"5 items (50%) are below reorder threshold. Turnover may be slowing — consider reducing reorder quantities and reassessing safety stock levels."},{"severity":"low","title":"Overstock Identified","message":"1 items overstocked (>200 units): Notebook Pack. Reduce reorder rate to free up working capital and warehouse space."}]
2026-02-24T07:48:33.851Z [network][GET 200] http://localhost:8000/inventory/summary
  response: {"items":[{"name":"Laptop Pro 15","stock":25,"reorder_at":60,"category":"Electronics","price":85000},{"name":"Wireless Mouse","stock":150,"reorder_at":60,"category":"Electronics","price":1200},{"name":"Office Chair","stock":12,"reorder_at":60,"category":"Furniture","price":7500},{"name":"Notebook Pack","stock":300,"reorder_at":60,"category":"Stationery","price":250},{"name":"LED Monitor 24","stock":18,"reorder_at":60,"category":"Electronics","price":15000},{"name":"Water Bottle","stock":80,"reorder_at":60,"category":"Accessories","price":500},{"name":"Desk Lamp","stock":20,"reorder_at":60,"category":"Furniture","price":1800},{"name":"Keyboard Mechanical","stock":40,"reorder_at":60,"category":"Electronics","price":3500},{"name":"Printer Ink Cartridge","stock":10,"reorder_at":60,"category":"Electronics","price":2200},{"name":"Whiteboard Marker Set","stock":60,"reorder_at":60,"category":"Stationery","price":450}],"low_stock_count":6,"suggestions":["Reorder Laptop Pro 15 soon (current stock: 25, threshold: 60)","Reorder Office Chair soon (current stock: 12, threshold: 60)","Reorder LED Monitor 24 soon (current stock: 18, threshold: 60)","Reorder Desk Lamp soon (current stock: 20, threshold: 60)","Reorder Keyboard Mechanical soon (current stock: 40, threshold: 60)"]}
2026-02-24T07:48:33.912Z [network][GET 200] http://localhost:8000/inventory/forecast
  response: [{"week":"W1","predicted_stock":658},{"week":"W2","predicted_stock":601},{"week":"W3","predicted_stock":543},{"week":"W4","predicted_stock":486}]
2026-02-24T07:48:33.912Z [network][GET 200] http://localhost:8000/inventory/recommendations
  response: [{"severity":"high","title":"High Reorder Frequency Detected","message":"5 items (50%) are below reorder threshold. Turnover may be slowing — consider reducing reorder quantities and reassessing safety stock levels."},{"severity":"low","title":"Overstock Identified","message":"1 items overstocked (>200 units): Notebook Pack. Reduce reorder rate to free up working capital and warehouse space."}]
2026-02-24T08:18:13.541Z [console][error] Please ensure that the container has a non-static position, like 'relative', 'fixed', or 'absolute' to ensure scroll offset is calculated correctly.
2026-02-24T09:13:30.898Z [console][error] Please ensure that the container has a non-static position, like 'relative', 'fixed', or 'absolute' to ensure scroll offset is calculated correctly.
2026-02-24T09:59:29.087Z [console][error] Access to fetch at 'http://localhost:8000/report/pdf' from origin 'http://localhost:3001' has been blocked by CORS policy: No 'Access-Control-Allow-Origin' header is present on the requested resource.
2026-02-24T09:59:33.364Z [console][error] You are trying to animate background from "rgb(var(--ds-bg-elevated))" to "rgba(0,212,255,0.03)". rgb(var(--ds-bg-elevated)) is not an animatable value - to enable this animation set rgb(var(--ds-bg-elevated)) to a value animatable to rgba(0,212,255,0.03) via the `style` property.
2026-02-24T09:59:34.524Z [console][error] Access to fetch at 'http://localhost:8000/report/pdf' from origin 'http://localhost:3001' has been blocked by CORS policy: No 'Access-Control-Allow-Origin' header is present on the requested resource.
2026-02-24T09:59:37.370Z [console][error] You are trying to animate background from "rgba(32, 210, 186, 0.0549)" to "transparent". rgba(32, 210, 186, 0.0549) is not an animatable value - to enable this animation set rgba(32, 210, 186, 0.0549) to a value animatable to transparent via the `style` property.
2026-02-24T09:59:37.383Z [console][error] You are trying to animate background from "rgba(56, 170, 248, 0.0549)" to "transparent". rgba(56, 170, 248, 0.0549) is not an animatable value - to enable this animation set rgba(56, 170, 248, 0.0549) to a value animatable to transparent via the `style` property.
2026-02-24T10:19:18.002Z [network][GET 200] http://localhost:8000/health/score
  response: {"score":71,"level":"good","color":"blue","factors":[{"name":"Cash flow","score":75},{"name":"Fraud risk","score":73},{"name":"Inventory","score":78},{"name":"Sustainability","score":70}]}
2026-02-24T10:19:18.051Z [network][GET 200] http://localhost:8000/recommendations
  response: [{"id":0,"category":"expense","icon":"trending_down","title":"Reduce marketing spend","priority":"high"},{"id":1,"category":"fraud","icon":"shield","title":"Review 3 flagged transactions","priority":"medium"},{"id":2,"category":"general","icon":"lightbulb","title":"Consider quarterly budget review","priority":"medium"},{"id":3,"category":"sustainability","icon":"leaf","title":"Shift 15% load to off-peak","priority":"low"}]
2026-02-24T10:19:18.052Z [network][GET 200] http://localhost:8000/carbon/estimate
  response: {"kg_co2_per_year":1735,"equivalent":"~79 trees/year","rating":"good","suggestions":["Use renewable energy for office","Reduce business travel","Optimize logistics routes"]}
2026-02-24T10:19:18.052Z [network][GET 200] http://localhost:8000/expense/status
  response: {"has_data":true,"row_count":10}
2026-02-24T10:19:18.097Z [network][GET 200] http://localhost:8000/health/score
  response: {"score":89,"level":"excellent","color":"green","factors":[{"name":"Cash flow","score":94},{"name":"Fraud risk","score":87},{"name":"Inventory","score":89},{"name":"Sustainability","score":85}]}
2026-02-24T10:19:18.160Z [network][GET 200] http://localhost:8000/recommendations
  response: [{"id":0,"category":"sustainability","icon":"leaf","title":"Shift 15% load to off-peak","priority":"low"},{"id":1,"category":"expense","icon":"trending_down","title":"Reduce marketing spend","priority":"high"},{"id":2,"category":"inventory","icon":"package","title":"Reorder Widget A before stockout","priority":"high"},{"id":3,"category":"fraud","icon":"shield","title":"Review 3 flagged transactions","priority":"medium"}]
2026-02-24T10:19:18.160Z [network][GET 200] http://localhost:8000/carbon/estimate
  response: {"kg_co2_per_year":2094,"equivalent":"~95 trees/year","rating":"moderate","suggestions":["Use renewable energy for office","Reduce business travel","Optimize logistics routes"]}
2026-02-24T10:19:18.161Z [network][GET 200] http://localhost:8000/expense/status
  response: {"has_data":true,"row_count":10}
2026-02-24T10:19:18.233Z [network][GET 200] http://localhost:8000/expense/summary
  response: {"by_category":[{"name":"Rent","value":8000},{"name":"Utilities","value":4000},{"name":"Food","value":3200},{"name":"Shopping","value":3000},{"name":"Entertainment","value":1500},{"name":"Transport","value":1050}],"total":20750,"trend":"stable","trend_percent":0}
2026-02-24T10:19:18.338Z [network][GET 200] http://localhost:8000/expense/summary
  response: {"by_category":[{"name":"Rent","value":8000},{"name":"Utilities","value":4000},{"name":"Food","value":3200},{"name":"Shopping","value":3000},{"name":"Entertainment","value":1500},{"name":"Transport","value":1050}],"total":20750,"trend":"stable","trend_percent":0}
2026-02-24T10:19:17.393Z [console][warn] %cDownload the React DevTools for a better development experience: https://reactjs.org/link/react-devtools font-weight:bold
2026-02-24T10:24:54.641Z [console][error] Please ensure that the container has a non-static position, like 'relative', 'fixed', or 'absolute' to ensure scroll offset is calculated correctly.
2026-02-24T10:40:17.128Z [console][error] Please ensure that the container has a non-static position, like 'relative', 'fixed', or 'absolute' to ensure scroll offset is calculated correctly.
2026-02-24T10:40:17.128Z [console][error] Please ensure that the container has a non-static position, like 'relative', 'fixed', or 'absolute' to ensure scroll offset is calculated correctly.
